  ------ Now building project: MotoRosYRC1_------
  Compiling main.c
main.c(16): warning : 'tid3' defined but not used
  Compiling UdpSvr.c
UdpSvr.c : warning : In function 'ap_UDP_Send_client_two'
UdpSvr.c(71): warning : passing argument 1 of 'mpInetAddr' discards qualifiers from pointer target type
UdpSvr.c(98): warning : label 'closeSockHandle' defined but not used
UdpSvr.c(58): warning : unused variable 'moveData'
UdpSvr.c(56): warning : unused variable 'pulse_data_inc'
UdpSvr.c(55): warning : unused variable 'pulse_data_cmd'
UdpSvr.c(51): warning : unused variable 'first_time'
UdpSvr.c(50): warning : unused variable 'joint_pos_cmd'
UdpSvr.c(48): warning : unused variable 'rc'
UdpSvr.c(47): warning : unused variable 'sizeofSockAddr'
UdpSvr.c(45): warning : unused variable 'clientSockAddr'
UdpSvr.c : warning : In function 'ap_UDP_Send_server'
UdpSvr.c(150): warning : unused variable 'joint_pos_cmd_byte'
UdpSvr.c(146): warning : unused variable 'bytesSend'
UdpSvr.c(112): warning : unused variable 'first_time'
UdpSvr.c(110): warning : unused variable 'joint_pos_fbk'
  Building MotoRosYRC1_.out
  Build Successful!  Check 'YRC1000\MotoRosYRC1_' folder for MotoRosYRC1_.out
  ------
